trigger(1): getDataServiceVersion -> getClientVersion, modules/org.restlet.ext.odata/src/org/restlet/ext/odata/Service.java, 406, MethodName, 54a13c66d421dd17fa61897d8c070f9e1e539fdd
recommend list:
1: IDMATCH EXMATCH ['getMaxDataServiceVersion', 'getMaxClientVersion', 'modules/org.restlet.ext.odata/src/org/restlet/ext/odata/Service.java', 488, 'MethodName']
2: IDMATCH EXMATCH ['maxDataServiceVersion', 'maxClientVersion', 'modules/org.restlet.ext.odata/src/org/restlet/ext/odata/Service.java', 120, 'FieldName']
3: IDMATCH EXMATCH ['dataServiceVersion', 'clientVersion', 'modules/org.restlet.ext.odata/src/org/restlet/ext/odata/Service.java', 105, 'FieldName']
4: IDMATCH EXMATCH ['setMaxDataServiceVersion', 'setMaxClientVersion', 'modules/org.restlet.ext.odata/src/org/restlet/ext/odata/Service.java', 810, 'MethodName']
5: IDMATCH EXMATCH ['setDataServiceVersion', 'setClientVersion', 'modules/org.restlet.ext.odata/src/org/restlet/ext/odata/Service.java', 778, 'MethodName']
6: IDMATCH EXMATCH ['maxDataServiceVersion', 'maxClientVersion', 'modules/org.restlet.ext.odata/src/org/restlet/ext/odata/Service.java', 818, 'ParameterName']
7: IDMATCH EXMATCH ['dataServiceVersion', 'clientVersion', 'modules/org.restlet.ext.odata/src/org/restlet/ext/odata/Service.java', 786, 'ParameterName']
total 7 recommends

trigger(2): getETag -> getTag, modules/org.restlet.ext.odata/src/org/restlet/ext/odata/Service.java, 417, MethodName, 54a13c66d421dd17fa61897d8c070f9e1e539fdd
recommend list:
1: IDMATCH EXMATCH ['eTag', 'tag', 'modules/org.restlet.ext.odata/src/org/restlet/ext/odata/Service.java', 930, 'VariableName']
total 1 recommends

trigger(3): getMaxDataServiceVersion -> getMaxClientVersion, modules/org.restlet.ext.odata/src/org/restlet/ext/odata/Service.java, 488, MethodName, 54a13c66d421dd17fa61897d8c070f9e1e539fdd
recommend list:
1: IDMATCH EXMATCH ['getDataServiceVersion', 'getClientVersion', 'modules/org.restlet.ext.odata/src/org/restlet/ext/odata/Service.java', 406, 'MethodName']
2: IDMATCH EXMATCH ['maxDataServiceVersion', 'maxClientVersion', 'modules/org.restlet.ext.odata/src/org/restlet/ext/odata/Service.java', 120, 'FieldName']
3: IDMATCH EXMATCH ['dataServiceVersion', 'clientVersion', 'modules/org.restlet.ext.odata/src/org/restlet/ext/odata/Service.java', 105, 'FieldName']
4: IDMATCH EXMATCH ['setMaxDataServiceVersion', 'setMaxClientVersion', 'modules/org.restlet.ext.odata/src/org/restlet/ext/odata/Service.java', 810, 'MethodName']
5: IDMATCH EXMATCH ['setDataServiceVersion', 'setClientVersion', 'modules/org.restlet.ext.odata/src/org/restlet/ext/odata/Service.java', 778, 'MethodName']
6: IDMATCH EXMATCH ['maxDataServiceVersion', 'maxClientVersion', 'modules/org.restlet.ext.odata/src/org/restlet/ext/odata/Service.java', 818, 'ParameterName']
7: IDMATCH EXMATCH ['dataServiceVersion', 'clientVersion', 'modules/org.restlet.ext.odata/src/org/restlet/ext/odata/Service.java', 786, 'ParameterName']
total 7 recommends

trigger(4): dataServiceVersion -> clientVersion, modules/org.restlet.ext.odata/src/org/restlet/ext/odata/Service.java, 786, ParameterName, 54a13c66d421dd17fa61897d8c070f9e1e539fdd
recommend list:
1: IDMATCH EXMATCH ['dataServiceVersion', 'clientVersion', 'modules/org.restlet.ext.odata/src/org/restlet/ext/odata/Service.java', 105, 'FieldName']
2: IDMATCH EXMATCH ['setDataServiceVersion', 'setClientVersion', 'modules/org.restlet.ext.odata/src/org/restlet/ext/odata/Service.java', 778, 'MethodName']
3: IDMATCH EXMATCH ['getMaxDataServiceVersion', 'getMaxClientVersion', 'modules/org.restlet.ext.odata/src/org/restlet/ext/odata/Service.java', 488, 'MethodName']
4: IDMATCH EXMATCH ['getDataServiceVersion', 'getClientVersion', 'modules/org.restlet.ext.odata/src/org/restlet/ext/odata/Service.java', 406, 'MethodName']
5: IDMATCH EXMATCH ['maxDataServiceVersion', 'maxClientVersion', 'modules/org.restlet.ext.odata/src/org/restlet/ext/odata/Service.java', 120, 'FieldName']
6: IDMATCH EXMATCH ['setMaxDataServiceVersion', 'setMaxClientVersion', 'modules/org.restlet.ext.odata/src/org/restlet/ext/odata/Service.java', 810, 'MethodName']
7: IDMATCH EXMATCH ['maxDataServiceVersion', 'maxClientVersion', 'modules/org.restlet.ext.odata/src/org/restlet/ext/odata/Service.java', 818, 'ParameterName']
total 7 recommends

trigger(5): setDataServiceVersion -> setClientVersion, modules/org.restlet.ext.odata/src/org/restlet/ext/odata/Service.java, 778, MethodName, 54a13c66d421dd17fa61897d8c070f9e1e539fdd
recommend list:
1: IDMATCH EXMATCH ['getMaxDataServiceVersion', 'getMaxClientVersion', 'modules/org.restlet.ext.odata/src/org/restlet/ext/odata/Service.java', 488, 'MethodName']
2: IDMATCH EXMATCH ['getDataServiceVersion', 'getClientVersion', 'modules/org.restlet.ext.odata/src/org/restlet/ext/odata/Service.java', 406, 'MethodName']
3: IDMATCH EXMATCH ['maxDataServiceVersion', 'maxClientVersion', 'modules/org.restlet.ext.odata/src/org/restlet/ext/odata/Service.java', 120, 'FieldName']
4: IDMATCH EXMATCH ['dataServiceVersion', 'clientVersion', 'modules/org.restlet.ext.odata/src/org/restlet/ext/odata/Service.java', 105, 'FieldName']
5: IDMATCH EXMATCH ['setMaxDataServiceVersion', 'setMaxClientVersion', 'modules/org.restlet.ext.odata/src/org/restlet/ext/odata/Service.java', 810, 'MethodName']
6: IDMATCH EXMATCH ['dataServiceVersion', 'clientVersion', 'modules/org.restlet.ext.odata/src/org/restlet/ext/odata/Service.java', 786, 'ParameterName']
7: IDMATCH EXMATCH ['maxDataServiceVersion', 'maxClientVersion', 'modules/org.restlet.ext.odata/src/org/restlet/ext/odata/Service.java', 818, 'ParameterName']
total 7 recommends

trigger(6): maxDataServiceVersion -> maxClientVersion, modules/org.restlet.ext.odata/src/org/restlet/ext/odata/Service.java, 818, ParameterName, 54a13c66d421dd17fa61897d8c070f9e1e539fdd
recommend list:
1: IDMATCH EXMATCH ['maxDataServiceVersion', 'maxClientVersion', 'modules/org.restlet.ext.odata/src/org/restlet/ext/odata/Service.java', 120, 'FieldName']
2: IDMATCH EXMATCH ['setMaxDataServiceVersion', 'setMaxClientVersion', 'modules/org.restlet.ext.odata/src/org/restlet/ext/odata/Service.java', 810, 'MethodName']
3: IDMATCH EXMATCH ['getMaxDataServiceVersion', 'getMaxClientVersion', 'modules/org.restlet.ext.odata/src/org/restlet/ext/odata/Service.java', 488, 'MethodName']
4: IDMATCH EXMATCH ['getDataServiceVersion', 'getClientVersion', 'modules/org.restlet.ext.odata/src/org/restlet/ext/odata/Service.java', 406, 'MethodName']
5: IDMATCH EXMATCH ['dataServiceVersion', 'clientVersion', 'modules/org.restlet.ext.odata/src/org/restlet/ext/odata/Service.java', 105, 'FieldName']
6: IDMATCH EXMATCH ['setDataServiceVersion', 'setClientVersion', 'modules/org.restlet.ext.odata/src/org/restlet/ext/odata/Service.java', 778, 'MethodName']
7: IDMATCH EXMATCH ['dataServiceVersion', 'clientVersion', 'modules/org.restlet.ext.odata/src/org/restlet/ext/odata/Service.java', 786, 'ParameterName']
total 7 recommends

trigger(7): setMaxDataServiceVersion -> setMaxClientVersion, modules/org.restlet.ext.odata/src/org/restlet/ext/odata/Service.java, 810, MethodName, 54a13c66d421dd17fa61897d8c070f9e1e539fdd
recommend list:
1: IDMATCH EXMATCH ['getMaxDataServiceVersion', 'getMaxClientVersion', 'modules/org.restlet.ext.odata/src/org/restlet/ext/odata/Service.java', 488, 'MethodName']
2: IDMATCH EXMATCH ['getDataServiceVersion', 'getClientVersion', 'modules/org.restlet.ext.odata/src/org/restlet/ext/odata/Service.java', 406, 'MethodName']
3: IDMATCH EXMATCH ['maxDataServiceVersion', 'maxClientVersion', 'modules/org.restlet.ext.odata/src/org/restlet/ext/odata/Service.java', 120, 'FieldName']
4: IDMATCH EXMATCH ['maxDataServiceVersion', 'maxClientVersion', 'modules/org.restlet.ext.odata/src/org/restlet/ext/odata/Service.java', 818, 'ParameterName']
5: IDMATCH EXMATCH ['dataServiceVersion', 'clientVersion', 'modules/org.restlet.ext.odata/src/org/restlet/ext/odata/Service.java', 105, 'FieldName']
6: IDMATCH EXMATCH ['setDataServiceVersion', 'setClientVersion', 'modules/org.restlet.ext.odata/src/org/restlet/ext/odata/Service.java', 778, 'MethodName']
7: IDMATCH EXMATCH ['dataServiceVersion', 'clientVersion', 'modules/org.restlet.ext.odata/src/org/restlet/ext/odata/Service.java', 786, 'ParameterName']
total 7 recommends

trigger(8): eTag -> tag, modules/org.restlet.ext.odata/src/org/restlet/ext/odata/Service.java, 930, VariableName, 54a13c66d421dd17fa61897d8c070f9e1e539fdd
recommend list:
1: IDMATCH EXMATCH ['getETag', 'getTag', 'modules/org.restlet.ext.odata/src/org/restlet/ext/odata/Service.java', 417, 'MethodName']
total 1 recommends

trigger(9): dataServiceVersion -> clientVersion, modules/org.restlet.ext.odata/src/org/restlet/ext/odata/Service.java, 105, FieldName, 54a13c66d421dd17fa61897d8c070f9e1e539fdd
recommend list:
1: IDMATCH EXMATCH ['getMaxDataServiceVersion', 'getMaxClientVersion', 'modules/org.restlet.ext.odata/src/org/restlet/ext/odata/Service.java', 488, 'MethodName']
2: IDMATCH EXMATCH ['getDataServiceVersion', 'getClientVersion', 'modules/org.restlet.ext.odata/src/org/restlet/ext/odata/Service.java', 406, 'MethodName']
3: IDMATCH EXMATCH ['maxDataServiceVersion', 'maxClientVersion', 'modules/org.restlet.ext.odata/src/org/restlet/ext/odata/Service.java', 120, 'FieldName']
4: IDMATCH EXMATCH ['setMaxDataServiceVersion', 'setMaxClientVersion', 'modules/org.restlet.ext.odata/src/org/restlet/ext/odata/Service.java', 810, 'MethodName']
5: IDMATCH EXMATCH ['setDataServiceVersion', 'setClientVersion', 'modules/org.restlet.ext.odata/src/org/restlet/ext/odata/Service.java', 778, 'MethodName']
6: IDMATCH EXMATCH ['dataServiceVersion', 'clientVersion', 'modules/org.restlet.ext.odata/src/org/restlet/ext/odata/Service.java', 786, 'ParameterName']
7: IDMATCH EXMATCH ['maxDataServiceVersion', 'maxClientVersion', 'modules/org.restlet.ext.odata/src/org/restlet/ext/odata/Service.java', 818, 'ParameterName']
total 7 recommends

trigger(10): maxDataServiceVersion -> maxClientVersion, modules/org.restlet.ext.odata/src/org/restlet/ext/odata/Service.java, 120, FieldName, 54a13c66d421dd17fa61897d8c070f9e1e539fdd
recommend list:
1: IDMATCH EXMATCH ['getMaxDataServiceVersion', 'getMaxClientVersion', 'modules/org.restlet.ext.odata/src/org/restlet/ext/odata/Service.java', 488, 'MethodName']
2: IDMATCH EXMATCH ['getDataServiceVersion', 'getClientVersion', 'modules/org.restlet.ext.odata/src/org/restlet/ext/odata/Service.java', 406, 'MethodName']
3: IDMATCH EXMATCH ['maxDataServiceVersion', 'maxClientVersion', 'modules/org.restlet.ext.odata/src/org/restlet/ext/odata/Service.java', 818, 'ParameterName']
4: IDMATCH EXMATCH ['dataServiceVersion', 'clientVersion', 'modules/org.restlet.ext.odata/src/org/restlet/ext/odata/Service.java', 105, 'FieldName']
5: IDMATCH EXMATCH ['setMaxDataServiceVersion', 'setMaxClientVersion', 'modules/org.restlet.ext.odata/src/org/restlet/ext/odata/Service.java', 810, 'MethodName']
6: IDMATCH EXMATCH ['setDataServiceVersion', 'setClientVersion', 'modules/org.restlet.ext.odata/src/org/restlet/ext/odata/Service.java', 778, 'MethodName']
7: IDMATCH EXMATCH ['dataServiceVersion', 'clientVersion', 'modules/org.restlet.ext.odata/src/org/restlet/ext/odata/Service.java', 786, 'ParameterName']
total 7 recommends

